2022-02-07 08:03:54,716 DEBUG [main] cache:45 - Couldn't find template in cache for "spark/spark.spa.ftl"("en_US", UTF-8, parsed); will try to load it.
 2022-02-07 08:03:54,723 DEBUG [main] cache:45 - TemplateLoader.findTemplateSource("spark/spark.spa_en_US.ftl"): Not found
 2022-02-07 08:03:54,728 DEBUG [main] cache:45 - TemplateLoader.findTemplateSource("spark/spark.spa_en.ftl"): Not found
 2022-02-07 08:03:54,731 DEBUG [main] cache:45 - TemplateLoader.findTemplateSource("spark/spark.spa.ftl"): Found
 2022-02-07 08:03:54,731 DEBUG [main] cache:45 - Loading template for "spark/spark.spa.ftl"("en_US", UTF-8, parsed) from "jar:file:/C:/Users/bomaseko/.m2/repository/com/aventstack/extentreports/5.0.5/extentreports-5.0.5.jar!/com/aventstack/extentreports/templates/spark/spark.spa.ftl"
 2022-02-07 08:03:54,891 DEBUG [main] cache:45 - Couldn't find template in cache for "commons/commons-variables.ftl"("en_US", UTF-8, parsed); will try to load it.
 2022-02-07 08:03:54,893 DEBUG [main] cache:45 - TemplateLoader.findTemplateSource("commons/commons-variables_en_US.ftl"): Not found
 2022-02-07 08:03:54,895 DEBUG [main] cache:45 - TemplateLoader.findTemplateSource("commons/commons-variables_en.ftl"): Not found
 2022-02-07 08:03:54,896 DEBUG [main] cache:45 - TemplateLoader.findTemplateSource("commons/commons-variables.ftl"): Found
 2022-02-07 08:03:54,898 DEBUG [main] cache:45 - Loading template for "commons/commons-variables.ftl"("en_US", UTF-8, parsed) from "jar:file:/C:/Users/bomaseko/.m2/repository/com/aventstack/extentreports/5.0.5/extentreports-5.0.5.jar!/com/aventstack/extentreports/templates/commons/commons-variables.ftl"
 2022-02-07 08:03:55,244 DEBUG [main] cache:45 - Couldn't find template in cache for "commons/commons-macros.ftl"("en_US", UTF-8, parsed); will try to load it.
 2022-02-07 08:03:55,246 DEBUG [main] cache:45 - TemplateLoader.findTemplateSource("commons/commons-macros_en_US.ftl"): Not found
 2022-02-07 08:03:55,248 DEBUG [main] cache:45 - TemplateLoader.findTemplateSource("commons/commons-macros_en.ftl"): Not found
 2022-02-07 08:03:55,249 DEBUG [main] cache:45 - TemplateLoader.findTemplateSource("commons/commons-macros.ftl"): Found
 2022-02-07 08:03:55,250 DEBUG [main] cache:45 - Loading template for "commons/commons-macros.ftl"("en_US", UTF-8, parsed) from "jar:file:/C:/Users/bomaseko/.m2/repository/com/aventstack/extentreports/5.0.5/extentreports-5.0.5.jar!/com/aventstack/extentreports/templates/commons/commons-macros.ftl"
 2022-02-07 08:03:55,266 DEBUG [main] cache:45 - Couldn't find template in cache for "spark/macros/attributes.ftl"("en_US", UTF-8, parsed); will try to load it.
 2022-02-07 08:03:55,267 DEBUG [main] cache:45 - TemplateLoader.findTemplateSource("spark/macros/attributes_en_US.ftl"): Not found
 2022-02-07 08:03:55,268 DEBUG [main] cache:45 - TemplateLoader.findTemplateSource("spark/macros/attributes_en.ftl"): Not found
 2022-02-07 08:03:55,269 DEBUG [main] cache:45 - TemplateLoader.findTemplateSource("spark/macros/attributes.ftl"): Found
 2022-02-07 08:03:55,270 DEBUG [main] cache:45 - Loading template for "spark/macros/attributes.ftl"("en_US", UTF-8, parsed) from "jar:file:/C:/Users/bomaseko/.m2/repository/com/aventstack/extentreports/5.0.5/extentreports-5.0.5.jar!/com/aventstack/extentreports/templates/spark/macros/attributes.ftl"
 2022-02-07 08:03:55,274 DEBUG [main] cache:45 - Couldn't find template in cache for "spark/macros/log.ftl"("en_US", UTF-8, parsed); will try to load it.
 2022-02-07 08:03:55,275 DEBUG [main] cache:45 - TemplateLoader.findTemplateSource("spark/macros/log_en_US.ftl"): Not found
 2022-02-07 08:03:55,276 DEBUG [main] cache:45 - TemplateLoader.findTemplateSource("spark/macros/log_en.ftl"): Not found
 2022-02-07 08:03:55,277 DEBUG [main] cache:45 - TemplateLoader.findTemplateSource("spark/macros/log.ftl"): Found
 2022-02-07 08:03:55,278 DEBUG [main] cache:45 - Loading template for "spark/macros/log.ftl"("en_US", UTF-8, parsed) from "jar:file:/C:/Users/bomaseko/.m2/repository/com/aventstack/extentreports/5.0.5/extentreports-5.0.5.jar!/com/aventstack/extentreports/templates/spark/macros/log.ftl"
 2022-02-07 08:03:55,282 DEBUG [main] cache:45 - Couldn't find template in cache for "spark/macros/recurse_nodes.ftl"("en_US", UTF-8, parsed); will try to load it.
 2022-02-07 08:03:55,283 DEBUG [main] cache:45 - TemplateLoader.findTemplateSource("spark/macros/recurse_nodes_en_US.ftl"): Not found
 2022-02-07 08:03:55,285 DEBUG [main] cache:45 - TemplateLoader.findTemplateSource("spark/macros/recurse_nodes_en.ftl"): Not found
 2022-02-07 08:03:55,286 DEBUG [main] cache:45 - TemplateLoader.findTemplateSource("spark/macros/recurse_nodes.ftl"): Found
 2022-02-07 08:03:55,288 DEBUG [main] cache:45 - Loading template for "spark/macros/recurse_nodes.ftl"("en_US", UTF-8, parsed) from "jar:file:/C:/Users/bomaseko/.m2/repository/com/aventstack/extentreports/5.0.5/extentreports-5.0.5.jar!/com/aventstack/extentreports/templates/spark/macros/recurse_nodes.ftl"
 2022-02-07 08:03:55,292 DEBUG [main] cache:45 - "spark/macros/log.ftl"("en_US", UTF-8, parsed) cached copy not yet stale; using cached.
 2022-02-07 08:03:55,293 DEBUG [main] cache:45 - Couldn't find template in cache for "spark/macros/attr-common.ftl"("en_US", UTF-8, parsed); will try to load it.
 2022-02-07 08:03:55,294 DEBUG [main] cache:45 - TemplateLoader.findTemplateSource("spark/macros/attr-common_en_US.ftl"): Not found
 2022-02-07 08:03:55,296 DEBUG [main] cache:45 - TemplateLoader.findTemplateSource("spark/macros/attr-common_en.ftl"): Not found
 2022-02-07 08:03:55,297 DEBUG [main] cache:45 - TemplateLoader.findTemplateSource("spark/macros/attr-common.ftl"): Found
 2022-02-07 08:03:55,298 DEBUG [main] cache:45 - Loading template for "spark/macros/attr-common.ftl"("en_US", UTF-8, parsed) from "jar:file:/C:/Users/bomaseko/.m2/repository/com/aventstack/extentreports/5.0.5/extentreports-5.0.5.jar!/com/aventstack/extentreports/templates/spark/macros/attr-common.ftl"
 2022-02-07 08:03:55,314 DEBUG [main] cache:45 - Couldn't find template in cache for "spark/partials/head.ftl"("en_US", UTF-8, parsed); will try to load it.
 2022-02-07 08:03:55,316 DEBUG [main] cache:45 - TemplateLoader.findTemplateSource("spark/partials/head_en_US.ftl"): Not found
 2022-02-07 08:03:55,317 DEBUG [main] cache:45 - TemplateLoader.findTemplateSource("spark/partials/head_en.ftl"): Not found
 2022-02-07 08:03:55,318 DEBUG [main] cache:45 - TemplateLoader.findTemplateSource("spark/partials/head.ftl"): Found
 2022-02-07 08:03:55,319 DEBUG [main] cache:45 - Loading template for "spark/partials/head.ftl"("en_US", UTF-8, parsed) from "jar:file:/C:/Users/bomaseko/.m2/repository/com/aventstack/extentreports/5.0.5/extentreports-5.0.5.jar!/com/aventstack/extentreports/templates/spark/partials/head.ftl"
 2022-02-07 08:03:55,326 DEBUG [main] cache:45 - Couldn't find template in cache for "commons/commons-inject-css.ftl"("en_US", UTF-8, parsed); will try to load it.
 2022-02-07 08:03:55,337 DEBUG [main] cache:45 - TemplateLoader.findTemplateSource("commons/commons-inject-css_en_US.ftl"): Not found
 2022-02-07 08:03:55,341 DEBUG [main] cache:45 - TemplateLoader.findTemplateSource("commons/commons-inject-css_en.ftl"): Not found
 2022-02-07 08:03:55,343 DEBUG [main] cache:45 - TemplateLoader.findTemplateSource("commons/commons-inject-css.ftl"): Found
 2022-02-07 08:03:55,345 DEBUG [main] cache:45 - Loading template for "commons/commons-inject-css.ftl"("en_US", UTF-8, parsed) from "jar:file:/C:/Users/bomaseko/.m2/repository/com/aventstack/extentreports/5.0.5/extentreports-5.0.5.jar!/com/aventstack/extentreports/templates/commons/commons-inject-css.ftl"
 2022-02-07 08:03:55,349 DEBUG [main] cache:45 - Couldn't find template in cache for "spark/partials/navbar.ftl"("en_US", UTF-8, parsed); will try to load it.
 2022-02-07 08:03:55,351 DEBUG [main] cache:45 - TemplateLoader.findTemplateSource("spark/partials/navbar_en_US.ftl"): Not found
 2022-02-07 08:03:55,353 DEBUG [main] cache:45 - TemplateLoader.findTemplateSource("spark/partials/navbar_en.ftl"): Not found
 2022-02-07 08:03:55,355 DEBUG [main] cache:45 - TemplateLoader.findTemplateSource("spark/partials/navbar.ftl"): Found
 2022-02-07 08:03:55,356 DEBUG [main] cache:45 - Loading template for "spark/partials/navbar.ftl"("en_US", UTF-8, parsed) from "jar:file:/C:/Users/bomaseko/.m2/repository/com/aventstack/extentreports/5.0.5/extentreports-5.0.5.jar!/com/aventstack/extentreports/templates/spark/partials/navbar.ftl"
 2022-02-07 08:03:55,370 DEBUG [main] cache:45 - Couldn't find template in cache for "spark/partials/sidenav.ftl"("en_US", UTF-8, parsed); will try to load it.
 2022-02-07 08:03:55,371 DEBUG [main] cache:45 - TemplateLoader.findTemplateSource("spark/partials/sidenav_en_US.ftl"): Not found
 2022-02-07 08:03:55,372 DEBUG [main] cache:45 - TemplateLoader.findTemplateSource("spark/partials/sidenav_en.ftl"): Not found
 2022-02-07 08:03:55,374 DEBUG [main] cache:45 - TemplateLoader.findTemplateSource("spark/partials/sidenav.ftl"): Found
 2022-02-07 08:03:55,374 DEBUG [main] cache:45 - Loading template for "spark/partials/sidenav.ftl"("en_US", UTF-8, parsed) from "jar:file:/C:/Users/bomaseko/.m2/repository/com/aventstack/extentreports/5.0.5/extentreports-5.0.5.jar!/com/aventstack/extentreports/templates/spark/partials/sidenav.ftl"
 2022-02-07 08:03:55,405 DEBUG [main] cache:45 - Couldn't find template in cache for "spark/partials/test.ftl"("en_US", UTF-8, parsed); will try to load it.
 2022-02-07 08:03:55,406 DEBUG [main] cache:45 - TemplateLoader.findTemplateSource("spark/partials/test_en_US.ftl"): Not found
 2022-02-07 08:03:55,407 DEBUG [main] cache:45 - TemplateLoader.findTemplateSource("spark/partials/test_en.ftl"): Not found
 2022-02-07 08:03:55,409 DEBUG [main] cache:45 - TemplateLoader.findTemplateSource("spark/partials/test.ftl"): Found
 2022-02-07 08:03:55,409 DEBUG [main] cache:45 - Loading template for "spark/partials/test.ftl"("en_US", UTF-8, parsed) from "jar:file:/C:/Users/bomaseko/.m2/repository/com/aventstack/extentreports/5.0.5/extentreports-5.0.5.jar!/com/aventstack/extentreports/templates/spark/partials/test.ftl"
 2022-02-07 08:03:55,426 DEBUG [main] cache:45 - Couldn't find template in cache for "spark/partials/exception.ftl"("en_US", UTF-8, parsed); will try to load it.
 2022-02-07 08:03:55,429 DEBUG [main] cache:45 - TemplateLoader.findTemplateSource("spark/partials/exception_en_US.ftl"): Not found
 2022-02-07 08:03:55,433 DEBUG [main] cache:45 - TemplateLoader.findTemplateSource("spark/partials/exception_en.ftl"): Not found
 2022-02-07 08:03:55,434 DEBUG [main] cache:45 - TemplateLoader.findTemplateSource("spark/partials/exception.ftl"): Found
 2022-02-07 08:03:55,435 DEBUG [main] cache:45 - Loading template for "spark/partials/exception.ftl"("en_US", UTF-8, parsed) from "jar:file:/C:/Users/bomaseko/.m2/repository/com/aventstack/extentreports/5.0.5/extentreports-5.0.5.jar!/com/aventstack/extentreports/templates/spark/partials/exception.ftl"
 2022-02-07 08:03:55,472 DEBUG [main] cache:45 - Couldn't find template in cache for "spark/partials/category.ftl"("en_US", UTF-8, parsed); will try to load it.
 2022-02-07 08:03:55,473 DEBUG [main] cache:45 - TemplateLoader.findTemplateSource("spark/partials/category_en_US.ftl"): Not found
 2022-02-07 08:03:55,474 DEBUG [main] cache:45 - TemplateLoader.findTemplateSource("spark/partials/category_en.ftl"): Not found
 2022-02-07 08:03:55,475 DEBUG [main] cache:45 - TemplateLoader.findTemplateSource("spark/partials/category.ftl"): Found
 2022-02-07 08:03:55,476 DEBUG [main] cache:45 - Loading template for "spark/partials/category.ftl"("en_US", UTF-8, parsed) from "jar:file:/C:/Users/bomaseko/.m2/repository/com/aventstack/extentreports/5.0.5/extentreports-5.0.5.jar!/com/aventstack/extentreports/templates/spark/partials/category.ftl"
 2022-02-07 08:03:55,479 DEBUG [main] cache:45 - Couldn't find template in cache for "spark/partials/device.ftl"("en_US", UTF-8, parsed); will try to load it.
 2022-02-07 08:03:55,480 DEBUG [main] cache:45 - TemplateLoader.findTemplateSource("spark/partials/device_en_US.ftl"): Not found
 2022-02-07 08:03:55,482 DEBUG [main] cache:45 - TemplateLoader.findTemplateSource("spark/partials/device_en.ftl"): Not found
 2022-02-07 08:03:55,483 DEBUG [main] cache:45 - TemplateLoader.findTemplateSource("spark/partials/device.ftl"): Found
 2022-02-07 08:03:55,483 DEBUG [main] cache:45 - Loading template for "spark/partials/device.ftl"("en_US", UTF-8, parsed) from "jar:file:/C:/Users/bomaseko/.m2/repository/com/aventstack/extentreports/5.0.5/extentreports-5.0.5.jar!/com/aventstack/extentreports/templates/spark/partials/device.ftl"
 2022-02-07 08:03:55,485 DEBUG [main] cache:45 - Couldn't find template in cache for "spark/partials/author.ftl"("en_US", UTF-8, parsed); will try to load it.
 2022-02-07 08:03:55,486 DEBUG [main] cache:45 - TemplateLoader.findTemplateSource("spark/partials/author_en_US.ftl"): Not found
 2022-02-07 08:03:55,488 DEBUG [main] cache:45 - TemplateLoader.findTemplateSource("spark/partials/author_en.ftl"): Not found
 2022-02-07 08:03:55,489 DEBUG [main] cache:45 - TemplateLoader.findTemplateSource("spark/partials/author.ftl"): Found
 2022-02-07 08:03:55,489 DEBUG [main] cache:45 - Loading template for "spark/partials/author.ftl"("en_US", UTF-8, parsed) from "jar:file:/C:/Users/bomaseko/.m2/repository/com/aventstack/extentreports/5.0.5/extentreports-5.0.5.jar!/com/aventstack/extentreports/templates/spark/partials/author.ftl"
 2022-02-07 08:03:55,491 DEBUG [main] cache:45 - Couldn't find template in cache for "spark/partials/log.ftl"("en_US", UTF-8, parsed); will try to load it.
 2022-02-07 08:03:55,492 DEBUG [main] cache:45 - TemplateLoader.findTemplateSource("spark/partials/log_en_US.ftl"): Not found
 2022-02-07 08:03:55,494 DEBUG [main] cache:45 - TemplateLoader.findTemplateSource("spark/partials/log_en.ftl"): Not found
 2022-02-07 08:03:55,495 DEBUG [main] cache:45 - TemplateLoader.findTemplateSource("spark/partials/log.ftl"): Found
 2022-02-07 08:03:55,496 DEBUG [main] cache:45 - Loading template for "spark/partials/log.ftl"("en_US", UTF-8, parsed) from "jar:file:/C:/Users/bomaseko/.m2/repository/com/aventstack/extentreports/5.0.5/extentreports-5.0.5.jar!/com/aventstack/extentreports/templates/spark/partials/log.ftl"
 2022-02-07 08:03:55,499 DEBUG [main] cache:45 - Couldn't find template in cache for "spark/partials/dashboard.ftl"("en_US", UTF-8, parsed); will try to load it.
 2022-02-07 08:03:55,501 DEBUG [main] cache:45 - TemplateLoader.findTemplateSource("spark/partials/dashboard_en_US.ftl"): Not found
 2022-02-07 08:03:55,502 DEBUG [main] cache:45 - TemplateLoader.findTemplateSource("spark/partials/dashboard_en.ftl"): Not found
 2022-02-07 08:03:55,506 DEBUG [main] cache:45 - TemplateLoader.findTemplateSource("spark/partials/dashboard.ftl"): Found
 2022-02-07 08:03:55,509 DEBUG [main] cache:45 - Loading template for "spark/partials/dashboard.ftl"("en_US", UTF-8, parsed) from "jar:file:/C:/Users/bomaseko/.m2/repository/com/aventstack/extentreports/5.0.5/extentreports-5.0.5.jar!/com/aventstack/extentreports/templates/spark/partials/dashboard.ftl"
 2022-02-07 08:03:55,626 DEBUG [main] cache:45 - Couldn't find template in cache for "spark/partials/scripts.ftl"("en_US", UTF-8, parsed); will try to load it.
 2022-02-07 08:03:55,627 DEBUG [main] cache:45 - TemplateLoader.findTemplateSource("spark/partials/scripts_en_US.ftl"): Not found
 2022-02-07 08:03:55,628 DEBUG [main] cache:45 - TemplateLoader.findTemplateSource("spark/partials/scripts_en.ftl"): Not found
 2022-02-07 08:03:55,629 DEBUG [main] cache:45 - TemplateLoader.findTemplateSource("spark/partials/scripts.ftl"): Found
 2022-02-07 08:03:55,629 DEBUG [main] cache:45 - Loading template for "spark/partials/scripts.ftl"("en_US", UTF-8, parsed) from "jar:file:/C:/Users/bomaseko/.m2/repository/com/aventstack/extentreports/5.0.5/extentreports-5.0.5.jar!/com/aventstack/extentreports/templates/spark/partials/scripts.ftl"
 2022-02-07 08:03:55,631 DEBUG [main] cache:45 - Couldn't find template in cache for "commons/commons-inject-js.ftl"("en_US", UTF-8, parsed); will try to load it.
 2022-02-07 08:03:55,633 DEBUG [main] cache:45 - TemplateLoader.findTemplateSource("commons/commons-inject-js_en_US.ftl"): Not found
 2022-02-07 08:03:55,634 DEBUG [main] cache:45 - TemplateLoader.findTemplateSource("commons/commons-inject-js_en.ftl"): Not found
 2022-02-07 08:03:55,635 DEBUG [main] cache:45 - TemplateLoader.findTemplateSource("commons/commons-inject-js.ftl"): Found
 2022-02-07 08:03:55,635 DEBUG [main] cache:45 - Loading template for "commons/commons-inject-js.ftl"("en_US", UTF-8, parsed) from "jar:file:/C:/Users/bomaseko/.m2/repository/com/aventstack/extentreports/5.0.5/extentreports-5.0.5.jar!/com/aventstack/extentreports/templates/commons/commons-inject-js.ftl"
 